{"name": "Test Creating A New Task", "status": "broken", "statusDetails": {"message": "selenium.common.exceptions.TimeoutException: Message:", "trace": "setup = <selenium.webdriver.chrome.webdriver.WebDriver (session=\"2e828dab2ab29f084e8684b5df1d0b57\")>\n\n    @allure.title('Test Creating A New Task')\n    @allure.severity(allure.severity_level.CRITICAL)\n    @pytest.mark.smoke\n    def test_create_new_task(setup):\n        driver = setup\n        driver.get(Credentials.BASE_URL)\n    \n        with allure.step('Login to OpenProject'):\n            SharedSteps.login_steps(driver)\n    \n        with allure.step('Go to selected project overview and choose \"work packages\"'):\n            SharedSteps.select_project_steps(driver)\n            SharedSteps.goto_work_packages_steps(driver)\n    \n        with allure.step('Note the number of rows displayed in the work packages table'):\n            work_packages_page = WorkPackagesPage(driver)\n>           initial_row_count = work_packages_page.count_table_rows()\n\ntests\\ui\\test_work_packages.py:24: \n_ _ _ _ _ _ _ _ _ _ _ _ _ _ _ _ _ _ _ _ _ _ _ _ _ _ _ _ _ _ _ _ _ _ _ _ _ _ _ _ _ _ _ _ _ _ _ _ _ _ _ _ _ _ _ _ _ _ _ _ _ _ _ _ _ _ _ _ _ _ _ _ _ _ _ _ _ _ _ _ _ _ _ _ _ _ _ _ _ _ _ _ _ _ _ _ _ _ _ _ _ _ _ _ _ _ _ _ _ _ _ _ _ _ _ _ _ \nframework\\pages\\WorkPackagesPage.py:27: in count_table_rows\n    rows = self.driver_extended.get_elements((By.XPATH, Locators.tb_work_packages_xpath))\ninfra\\web_driver_extensions.py:180: in get_elements\n    return WebDriverWait(self.driver, timeout).until(ec.presence_of_all_elements_located(by))\n_ _ _ _ _ _ _ _ _ _ _ _ _ _ _ _ _ _ _ _ _ _ _ _ _ _ _ _ _ _ _ _ _ _ _ _ _ _ _ _ _ _ _ _ _ _ _ _ _ _ _ _ _ _ _ _ _ _ _ _ _ _ _ _ _ _ _ _ _ _ _ _ _ _ _ _ _ _ _ _ _ _ _ _ _ _ _ _ _ _ _ _ _ _ _ _ _ _ _ _ _ _ _ _ _ _ _ _ _ _ _ _ _ _ _ _ _ \n\nself = <selenium.webdriver.support.wait.WebDriverWait (session=\"2e828dab2ab29f084e8684b5df1d0b57\")>, method = <selenium.webdriver.support.expected_conditions.presence_of_all_elements_located object at 0x00000219DB56FCD0>, message = ''\n\n    def until(self, method, message=''):\n        \"\"\"Calls the method provided with the driver as an argument until the \\\n        return value is not False.\"\"\"\n        screen = None\n        stacktrace = None\n    \n        end_time = time.time() + self._timeout\n        while True:\n            try:\n                value = method(self._driver)\n                if value:\n                    return value\n            except self._ignored_exceptions as exc:\n                screen = getattr(exc, 'screen', None)\n                stacktrace = getattr(exc, 'stacktrace', None)\n            time.sleep(self._poll)\n            if time.time() > end_time:\n                break\n>       raise TimeoutException(message, screen, stacktrace)\nE       selenium.common.exceptions.TimeoutException: Message:\n\nc:\\users\\adele angel\\appdata\\local\\programs\\python\\python39\\lib\\site-packages\\selenium\\webdriver\\support\\wait.py:80: TimeoutException"}, "steps": [{"name": "Login to OpenProject", "status": "passed", "start": 1625151400515, "stop": 1625151402441}, {"name": "Go to selected project overview and choose \"work packages\"", "status": "passed", "start": 1625151402441, "stop": 1625151404065}, {"name": "Note the number of rows displayed in the work packages table", "status": "broken", "statusDetails": {"message": "selenium.common.exceptions.TimeoutException: Message: \n\n", "trace": "  File \"D:\\Dev Files\\.John Bryce - Python Automation\\Project\\selenium-test-automation\\tests\\ui\\test_work_packages.py\", line 24, in test_create_new_task\n    initial_row_count = work_packages_page.count_table_rows()\n  File \"D:\\Dev Files\\.John Bryce - Python Automation\\Project\\selenium-test-automation\\framework\\pages\\WorkPackagesPage.py\", line 27, in count_table_rows\n    rows = self.driver_extended.get_elements((By.XPATH, Locators.tb_work_packages_xpath))\n  File \"D:\\Dev Files\\.John Bryce - Python Automation\\Project\\selenium-test-automation\\infra\\web_driver_extensions.py\", line 180, in get_elements\n    return WebDriverWait(self.driver, timeout).until(ec.presence_of_all_elements_located(by))\n  File \"c:\\users\\adele angel\\appdata\\local\\programs\\python\\python39\\lib\\site-packages\\selenium\\webdriver\\support\\wait.py\", line 80, in until\n    raise TimeoutException(message, screen, stacktrace)\n"}, "start": 1625151404065, "stop": 1625151419572}], "start": 1625151398175, "stop": 1625151419573, "uuid": "05bec4ba-385f-4773-aebd-6ebd8f82ea94", "historyId": "ae3514b257f506420e13dd1e754ab70d", "testCaseId": "7e0a7ebadb607124f62c214ccf1fdaca", "fullName": "tests.ui.test_work_packages#test_create_new_task", "labels": [{"name": "severity", "value": "critical"}, {"name": "tag", "value": "smoke"}, {"name": "parentSuite", "value": "tests.ui"}, {"name": "suite", "value": "test_work_packages"}, {"name": "host", "value": "AdeleAngel"}, {"name": "thread", "value": "21992-MainThread"}, {"name": "framework", "value": "pytest"}, {"name": "language", "value": "cpython3"}, {"name": "package", "value": "tests.ui.test_work_packages"}]}