{"name": "Test Creating A New Task", "status": "broken", "statusDetails": {"message": "selenium.common.exceptions.TimeoutException: Message:", "trace": "setup = <selenium.webdriver.chrome.webdriver.WebDriver (session=\"4c3f8268a64a3d7185cc13686ffcd93e\")>\n\n    @allure.title(\"Test Creating A New Task\")\n    @allure.severity(allure.severity_level.NORMAL)\n    @pytest.mark.task\n    def test_009_create_task(setup):\n        with allure.step(\"setup driver\"):\n            driver = setup\n            driver.get(Credentials.BASE_URL)\n    \n        # step 1\n        with allure.step('Login to OpenProject'):\n            SharedSteps.login_steps(driver)\n    \n        # step 2\n        with allure.step('Click \"Select a project\" menu button, and select \"TestProject1\" from the drop-down'):\n            SharedSteps.select_project_steps(driver)\n    \n        # step 3\n        with allure.step('On the \"Project Overview\" page, left side menu, click \"Work packages\"'):\n            SharedSteps.goto_work_packages_steps(driver)\n            with allure.step('Note the number of rows displayed in the work packages table'):\n                work_packages_page = WorkPackagesPage(driver)\n>               initial_row_count = work_packages_page.count_table_rows()\n\ntests\\ui\\test_010_create_task.py:47: \n_ _ _ _ _ _ _ _ _ _ _ _ _ _ _ _ _ _ _ _ _ _ _ _ _ _ _ _ _ _ _ _ _ _ _ _ _ _ _ _ _ _ _ _ _ _ _ _ _ _ _ _ _ _ _ _ _ _ _ _ _ _ _ _ _ _ _ _ _ _ _ _ _ _ _ _ _ _ _ _ _ _ _ _ _ _ _ _ _ _ _ _ _ _ _ _ _ _ _ _ _ _ _ _ _ _ _ _ _ _ _ _ _ _ _ _ _ \nframework\\pages\\WorkPackagesPage.py:27: in count_table_rows\n    rows = self.driver_extended.get_elements((By.XPATH, Locators.tb_work_packages_xpath))\ninfra\\web_driver_extensions.py:180: in get_elements\n    return WebDriverWait(self.driver, timeout).until(ec.presence_of_all_elements_located(by))\n_ _ _ _ _ _ _ _ _ _ _ _ _ _ _ _ _ _ _ _ _ _ _ _ _ _ _ _ _ _ _ _ _ _ _ _ _ _ _ _ _ _ _ _ _ _ _ _ _ _ _ _ _ _ _ _ _ _ _ _ _ _ _ _ _ _ _ _ _ _ _ _ _ _ _ _ _ _ _ _ _ _ _ _ _ _ _ _ _ _ _ _ _ _ _ _ _ _ _ _ _ _ _ _ _ _ _ _ _ _ _ _ _ _ _ _ _ \n\nself = <selenium.webdriver.support.wait.WebDriverWait (session=\"4c3f8268a64a3d7185cc13686ffcd93e\")>, method = <selenium.webdriver.support.expected_conditions.presence_of_all_elements_located object at 0x000001FA27A15370>, message = ''\n\n    def until(self, method, message=''):\n        \"\"\"Calls the method provided with the driver as an argument until the \\\n        return value is not False.\"\"\"\n        screen = None\n        stacktrace = None\n    \n        end_time = time.time() + self._timeout\n        while True:\n            try:\n                value = method(self._driver)\n                if value:\n                    return value\n            except self._ignored_exceptions as exc:\n                screen = getattr(exc, 'screen', None)\n                stacktrace = getattr(exc, 'stacktrace', None)\n            time.sleep(self._poll)\n            if time.time() > end_time:\n                break\n>       raise TimeoutException(message, screen, stacktrace)\nE       selenium.common.exceptions.TimeoutException: Message:\n\nc:\\users\\adele angel\\appdata\\local\\programs\\python\\python39\\lib\\site-packages\\selenium\\webdriver\\support\\wait.py:80: TimeoutException"}, "steps": [{"name": "setup driver", "status": "passed", "start": 1625151530849, "stop": 1625151532931}, {"name": "Login to OpenProject", "status": "passed", "start": 1625151532931, "stop": 1625151534871}, {"name": "Click \"Select a project\" menu button, and select \"TestProject1\" from the drop-down", "status": "passed", "start": 1625151534871, "stop": 1625151536026}, {"name": "On the \"Project Overview\" page, left side menu, click \"Work packages\"", "status": "broken", "statusDetails": {"message": "selenium.common.exceptions.TimeoutException: Message: \n\n", "trace": "  File \"D:\\Dev Files\\.John Bryce - Python Automation\\Project\\selenium-test-automation\\tests\\ui\\test_010_create_task.py\", line 47, in test_009_create_task\n    initial_row_count = work_packages_page.count_table_rows()\n  File \"D:\\Dev Files\\.John Bryce - Python Automation\\Project\\selenium-test-automation\\framework\\pages\\WorkPackagesPage.py\", line 27, in count_table_rows\n    rows = self.driver_extended.get_elements((By.XPATH, Locators.tb_work_packages_xpath))\n  File \"D:\\Dev Files\\.John Bryce - Python Automation\\Project\\selenium-test-automation\\infra\\web_driver_extensions.py\", line 180, in get_elements\n    return WebDriverWait(self.driver, timeout).until(ec.presence_of_all_elements_located(by))\n  File \"c:\\users\\adele angel\\appdata\\local\\programs\\python\\python39\\lib\\site-packages\\selenium\\webdriver\\support\\wait.py\", line 80, in until\n    raise TimeoutException(message, screen, stacktrace)\n"}, "steps": [{"name": "Note the number of rows displayed in the work packages table", "status": "broken", "statusDetails": {"message": "selenium.common.exceptions.TimeoutException: Message: \n\n", "trace": "  File \"D:\\Dev Files\\.John Bryce - Python Automation\\Project\\selenium-test-automation\\tests\\ui\\test_010_create_task.py\", line 47, in test_009_create_task\n    initial_row_count = work_packages_page.count_table_rows()\n  File \"D:\\Dev Files\\.John Bryce - Python Automation\\Project\\selenium-test-automation\\framework\\pages\\WorkPackagesPage.py\", line 27, in count_table_rows\n    rows = self.driver_extended.get_elements((By.XPATH, Locators.tb_work_packages_xpath))\n  File \"D:\\Dev Files\\.John Bryce - Python Automation\\Project\\selenium-test-automation\\infra\\web_driver_extensions.py\", line 180, in get_elements\n    return WebDriverWait(self.driver, timeout).until(ec.presence_of_all_elements_located(by))\n  File \"c:\\users\\adele angel\\appdata\\local\\programs\\python\\python39\\lib\\site-packages\\selenium\\webdriver\\support\\wait.py\", line 80, in until\n    raise TimeoutException(message, screen, stacktrace)\n"}, "start": 1625151536453, "stop": 1625151551458}], "start": 1625151536026, "stop": 1625151551460}], "start": 1625151530849, "stop": 1625151551460, "uuid": "7b94de7a-cee1-4a1c-bad0-c23d8a3a732d", "historyId": "80fae371a4cadf0893fd497d6153988b", "testCaseId": "eb26ddd98511bb8c7d01092455e6b7bf", "fullName": "tests.ui.test_010_create_task#test_009_create_task", "labels": [{"name": "severity", "value": "normal"}, {"name": "tag", "value": "task"}, {"name": "parentSuite", "value": "tests.ui"}, {"name": "suite", "value": "test_010_create_task"}, {"name": "host", "value": "AdeleAngel"}, {"name": "thread", "value": "11612-MainThread"}, {"name": "framework", "value": "pytest"}, {"name": "language", "value": "cpython3"}, {"name": "package", "value": "tests.ui.test_010_create_task"}]}